<?xml version="1.0" encoding="UTF-8"?>
<!-- Generated by org.testng.reporters.JUnitXMLReporter -->
<testsuite hostname="Tetiana-PC" ignored="0" name="Windows = Chrome Test" tests="3" failures="0" timestamp="05 черв. 2018 17:32:04 GMT" time="29.795" errors="0">
  <testcase name="searchTest" time="3.478" classname="com.google.GoogleSearchTest"/>
  <testcase name="dragenDrop" time="15.569" classname="com.google.ThomascookTest"/>
  <testcase name="alertTest" time="2.318" classname="com.google.AlertBox"/>
</testsuite> <!-- Windows = Chrome Test -->
